<?xml version="1.0" encoding="UTF-8"?>
<testsuite xmlns:xsi="http://www.w3.org/2001/XMLSchema-instance" xsi:noNamespaceSchemaLocation="https://maven.apache.org/surefire/maven-surefire-plugin/xsd/surefire-test-report-3.0.xsd" version="3.0" name="charlie.test.core.DealerBlackjackTest" time="3.961" tests="1" errors="0" skipped="0" failures="0">
  <properties>
[...]
</properties>
  <testcase name="test" classname="charlie.test.core.DealerBlackjackTest" time="3.873">
    <system-out><![CDATA[charlie properties path = charlie.props
game server started
instantiating house
house host = 127.0.0.1:1235
house successfully started
House waiting for connection on port 1235
sent login request
got login
validated ticket BB20B45FD4D95138 login successful!
ServerAuthenticator sent ticket to client
received ticket BB20B45FD4D95138
DealerBlackjackTest connecting to server
DealerBlackjackTest courier started
Courier waiting for connection on port 8001
Arriver sending Arrival to 127.0.0.1:1235
House accepted connection on port 1235
Arriver sent successfully Arrival to 127.0.0.1:1235
Arriver sent arrival message
House received message Arrival
DealerBlackjackTest we ARRIVED!
DealerBlackjackTest waiting for server READY...
House invoking listener for Arrival
validated ticket = BB20B45FD4D95138
arrival from host = LAPTOP-GGP8BH25/172.25.96.1
using default dealer = charlie.dealer.Dealer
shoe property 'charlie.shoe' = 'charlie.test.shoe.UserBJShoe'
shoe: charlie.test.shoe.UserBJShoe: SA D7 SJ D7 C9 H6 C4 C8 CJ 
RealPlayer sending Ready to 172.25.96.1:8001
RealPlayer waiting for connection on port 8501
Courier accepted connection on port 8001
RealPlayer sent successfully Ready to 172.25.96.1:8001
House waiting for connection on port 1235
Courier received message Ready
Courier invoking listener for Ready
received Ready from LAPTOP-GGP8BH25/172.25.96.1
DealerBlackjackTest server READY !
Courier waiting for connection on port 8001
Courier sending Bet to 127.0.0.1:8501
RealPlayer accepted connection on port 8501
Courier sent successfully Bet to 127.0.0.1:8501
RealPlayer received message Bet
RealPlayer invoking listener for Bet
DealerBlackjackTest bet amt: 5, side bet: 0
DealerBlackjackTest checking if blackjack was detected...
DealerBlackjackTest FAILURE: Blackjack was not detected!
DealerBlackjackTest waiting ENDING...
RealPlayer received bet = 5.0
got new bet = 5.0 side bet = 0.0 from LAPTOP-GGP8BH25/172.25.96.1 for hid = LAPTOP-GGP8BH25:YOU:C8374D7929ECAC7
no bot configured for charlie.bot.huey
no bot configured for charlie.bot.dewey
starting a game
hands at table + dealer = 2
RealPlayer sending GameStart to 172.25.96.1:8001
Courier accepted connection on port 8001
RealPlayer sent successfully GameStart to 172.25.96.1:8001
Courier received message GameStart
Courier invoking listener for GameStart
receive starting shoe size = 9
starting hand: LAPTOP-GGP8BH25:YOU:C8374D7929ECAC7
starting hand: LAPTOP-GGP8BH25:DEALER:4B820A9A288FACE
DealerBlackjackTest game STARTING: LAPTOP-GGP8BH25:YOU:C8374D7929ECAC7, LAPTOP-GGP8BH25:DEALER:4B820A9A288FACE,  shoe size: 9
Courier waiting for connection on port 8001
cards size = 9 burn index = 2147483647 index = 0
dealing to LAPTOP-GGP8BH25/172.25.96.1 card 1 = SA
RealPlayer sending Deal to 172.25.96.1:8001
Courier accepted connection on port 8001
RealPlayer sent successfully Deal to 172.25.96.1:8001
cards size = 9 burn index = 2147483647 index = 1
Courier received message Deal
Courier invoking listener for Deal
received card = SA values = 1/11 hid = LAPTOP-GGP8BH25:YOU:C8374D7929ECAC7
DealerBlackjackTest DEAL: LAPTOP-GGP8BH25:YOU:C8374D7929ECAC7 card: SA hand values: 1, 11
Courier waiting for connection on port 8001
RealPlayer sending Deal to 172.25.96.1:8001
Courier accepted connection on port 8001
RealPlayer sent successfully Deal to 172.25.96.1:8001
cards size = 9 burn index = 2147483647 index = 2
dealing to LAPTOP-GGP8BH25/172.25.96.1 card 1 = SJ
Courier received message Deal
Courier invoking listener for Deal
received card = D7 values = 0/0 hid = LAPTOP-GGP8BH25:DEALER:4B820A9A288FACE
DealerBlackjackTest DEAL: LAPTOP-GGP8BH25:DEALER:4B820A9A288FACE card: D7 hand values: 0, 0
Courier waiting for connection on port 8001
RealPlayer sending Deal to 172.25.96.1:8001
Courier accepted connection on port 8001
RealPlayer sent successfully Deal to 172.25.96.1:8001
RealPlayer sending Blackjack to 172.25.96.1:8001
Courier received message Deal
Courier invoking listener for Deal
received card = SJ values = 11/21 hid = LAPTOP-GGP8BH25:YOU:C8374D7929ECAC7
DealerBlackjackTest DEAL: LAPTOP-GGP8BH25:YOU:C8374D7929ECAC7 card: SJ hand values: 11, 21
Courier waiting for connection on port 8001
Courier accepted connection on port 8001
RealPlayer sent successfully Blackjack to 172.25.96.1:8001
cards size = 9 burn index = 2147483647 index = 3
Courier received message Blackjack
Courier invoking listener for Blackjack
received outcome = Blackjack
DealerBlackjackTest BLACKJACK: LAPTOP-GGP8BH25:YOU:C8374D7929ECAC7
Courier waiting for connection on port 8001
RealPlayer sending Deal to 172.25.96.1:8001
Courier accepted connection on port 8001
RealPlayer sent successfully Deal to 172.25.96.1:8001
hand sequence index = 0 hand sequence size = 1
active player = LAPTOP-GGP8BH25/172.25.96.1
hand sequence index = 1 hand sequence size = 1
Courier received message Deal
Courier invoking listener for Deal
received card = D7 values = 7/7 hid = LAPTOP-GGP8BH25:DEALER:4B820A9A288FACE
DealerBlackjackTest DEAL: LAPTOP-GGP8BH25:DEALER:4B820A9A288FACE card: D7 hand values: 7, 7
RealPlayer sending Play to 172.25.96.1:8001
Courier waiting for connection on port 8001
Courier accepted connection on port 8001
RealPlayer sent successfully Play to 172.25.96.1:8001
RealPlayer sending Deal to 172.25.96.1:8001
Courier received message Play
Courier invoking listener for Play
got turn = LAPTOP-GGP8BH25:DEALER:4B820A9A288FACE
Courier waiting for connection on port 8001
RealPlayer sent successfully Deal to 172.25.96.1:8001
Courier accepted connection on port 8001
RealPlayer sending GameOver to 172.25.96.1:8001
Courier received message Deal
Courier invoking listener for Deal
received card = null values = 14/14 hid = LAPTOP-GGP8BH25:DEALER:4B820A9A288FACE
DealerBlackjackTest DEAL: LAPTOP-GGP8BH25:DEALER:4B820A9A288FACE card: null hand values: 14, 14
RealPlayer sent successfully GameOver to 172.25.96.1:8001
Courier waiting for connection on port 8001
RealPlayer waiting for connection on port 8501
Courier accepted connection on port 8001
Courier received message GameOver
Courier invoking listener for GameOver
received ending shoe size = 5
DealerBlackjackTest ENDING game shoe size: 5
DealerBlackjackTest DONE!
DealerBlackjackTest DEALER has blackjack!
DealerBlackjackTest Dealer Blackjack Test SUCCESSFUL
DealerBlackjackTest TOTAL WINNINGS: $7.5
Courier waiting for connection on port 8001
]]></system-out>
  </testcase>
</testsuite>